  main.cpp
  LINK : no se encontró ..\..\binaries\bin\x64\Debug\Demo.exe o no lo generó el último vínculo incremental; ejecutando vínculo completo
     Creando biblioteca ..\..\binaries\bin\x64\Debug\Demo.lib y objeto ..\..\binaries\bin\x64\Debug\Demo.exp
SoulEngine.lib(glad.obj) : warning LNK4099: no se encontró PDB 'OpenGL Toolkit.pdb' con 'SoulEngine.lib(glad.obj)' o en 'C:\Users\Versus\Desktop\Motor\git\SoulEngine\Demo\binaries\bin\x64\Debug\OpenGL Toolkit.pdb'; se vinculará el objeto sin tener en cuenta información de depuración
SoulEngine.lib(Vertex_Buffer_Object.obj) : warning LNK4099: no se encontró PDB 'OpenGL Toolkit.pdb' con 'SoulEngine.lib(Vertex_Buffer_Object.obj)' o en 'C:\Users\Versus\Desktop\Motor\git\SoulEngine\Demo\binaries\bin\x64\Debug\OpenGL Toolkit.pdb'; se vinculará el objeto sin tener en cuenta información de depuración
SoulEngine.lib(Vertex_Array_Object.obj) : warning LNK4099: no se encontró PDB 'OpenGL Toolkit.pdb' con 'SoulEngine.lib(Vertex_Array_Object.obj)' o en 'C:\Users\Versus\Desktop\Motor\git\SoulEngine\Demo\binaries\bin\x64\Debug\OpenGL Toolkit.pdb'; se vinculará el objeto sin tener en cuenta información de depuración
SoulEngine.lib(Shader_Program.obj) : warning LNK4099: no se encontró PDB 'OpenGL Toolkit.pdb' con 'SoulEngine.lib(Shader_Program.obj)' o en 'C:\Users\Versus\Desktop\Motor\git\SoulEngine\Demo\binaries\bin\x64\Debug\OpenGL Toolkit.pdb'; se vinculará el objeto sin tener en cuenta información de depuración
SoulEngine.lib(Shader.obj) : warning LNK4099: no se encontró PDB 'OpenGL Toolkit.pdb' con 'SoulEngine.lib(Shader.obj)' o en 'C:\Users\Versus\Desktop\Motor\git\SoulEngine\Demo\binaries\bin\x64\Debug\OpenGL Toolkit.pdb'; se vinculará el objeto sin tener en cuenta información de depuración
SoulEngine.lib(Render_Node.obj) : warning LNK4099: no se encontró PDB 'OpenGL Toolkit.pdb' con 'SoulEngine.lib(Render_Node.obj)' o en 'C:\Users\Versus\Desktop\Motor\git\SoulEngine\Demo\binaries\bin\x64\Debug\OpenGL Toolkit.pdb'; se vinculará el objeto sin tener en cuenta información de depuración
SoulEngine.lib(OpenGL.obj) : warning LNK4099: no se encontró PDB 'OpenGL Toolkit.pdb' con 'SoulEngine.lib(OpenGL.obj)' o en 'C:\Users\Versus\Desktop\Motor\git\SoulEngine\Demo\binaries\bin\x64\Debug\OpenGL Toolkit.pdb'; se vinculará el objeto sin tener en cuenta información de depuración
SoulEngine.lib(Model_Obj.obj) : warning LNK4099: no se encontró PDB 'OpenGL Toolkit.pdb' con 'SoulEngine.lib(Model_Obj.obj)' o en 'C:\Users\Versus\Desktop\Motor\git\SoulEngine\Demo\binaries\bin\x64\Debug\OpenGL Toolkit.pdb'; se vinculará el objeto sin tener en cuenta información de depuración
SoulEngine.lib(Material.obj) : warning LNK4099: no se encontró PDB 'OpenGL Toolkit.pdb' con 'SoulEngine.lib(Material.obj)' o en 'C:\Users\Versus\Desktop\Motor\git\SoulEngine\Demo\binaries\bin\x64\Debug\OpenGL Toolkit.pdb'; se vinculará el objeto sin tener en cuenta información de depuración
SoulEngine.lib(Light.obj) : warning LNK4099: no se encontró PDB 'OpenGL Toolkit.pdb' con 'SoulEngine.lib(Light.obj)' o en 'C:\Users\Versus\Desktop\Motor\git\SoulEngine\Demo\binaries\bin\x64\Debug\OpenGL Toolkit.pdb'; se vinculará el objeto sin tener en cuenta información de depuración
SoulEngine.lib(Cube.obj) : warning LNK4099: no se encontró PDB 'OpenGL Toolkit.pdb' con 'SoulEngine.lib(Cube.obj)' o en 'C:\Users\Versus\Desktop\Motor\git\SoulEngine\Demo\binaries\bin\x64\Debug\OpenGL Toolkit.pdb'; se vinculará el objeto sin tener en cuenta información de depuración
SoulEngine.lib(SDL_dummysensor.c.obj) : warning LNK4099: no se encontró PDB 'SDL2-static.pdb' con 'SoulEngine.lib(SDL_dummysensor.c.obj)' o en 'C:\Users\Versus\Desktop\Motor\git\SoulEngine\Demo\binaries\bin\x64\Debug\SDL2-static.pdb'; se vinculará el objeto sin tener en cuenta información de depuración
SoulEngine.lib(SDL_xinputhaptic.c.obj) : warning LNK4099: no se encontró PDB 'SDL2-static.pdb' con 'SoulEngine.lib(SDL_xinputhaptic.c.obj)' o en 'C:\Users\Versus\Desktop\Motor\git\SoulEngine\Demo\binaries\bin\x64\Debug\SDL2-static.pdb'; se vinculará el objeto sin tener en cuenta información de depuración
SoulEngine.lib(SDL_windowshaptic.c.obj) : warning LNK4099: no se encontró PDB 'SDL2-static.pdb' con 'SoulEngine.lib(SDL_windowshaptic.c.obj)' o en 'C:\Users\Versus\Desktop\Motor\git\SoulEngine\Demo\binaries\bin\x64\Debug\SDL2-static.pdb'; se vinculará el objeto sin tener en cuenta información de depuración
SoulEngine.lib(SDL_dinputhaptic.c.obj) : warning LNK4099: no se encontró PDB 'SDL2-static.pdb' con 'SoulEngine.lib(SDL_dinputhaptic.c.obj)' o en 'C:\Users\Versus\Desktop\Motor\git\SoulEngine\Demo\binaries\bin\x64\Debug\SDL2-static.pdb'; se vinculará el objeto sin tener en cuenta información de depuración
SoulEngine.lib(SDL_xinputjoystick.c.obj) : warning LNK4099: no se encontró PDB 'SDL2-static.pdb' con 'SoulEngine.lib(SDL_xinputjoystick.c.obj)' o en 'C:\Users\Versus\Desktop\Motor\git\SoulEngine\Demo\binaries\bin\x64\Debug\SDL2-static.pdb'; se vinculará el objeto sin tener en cuenta información de depuración
SoulEngine.lib(SDL_windowsjoystick.c.obj) : warning LNK4099: no se encontró PDB 'SDL2-static.pdb' con 'SoulEngine.lib(SDL_windowsjoystick.c.obj)' o en 'C:\Users\Versus\Desktop\Motor\git\SoulEngine\Demo\binaries\bin\x64\Debug\SDL2-static.pdb'; se vinculará el objeto sin tener en cuenta información de depuración
SoulEngine.lib(SDL_dinputjoystick.c.obj) : warning LNK4099: no se encontró PDB 'SDL2-static.pdb' con 'SoulEngine.lib(SDL_dinputjoystick.c.obj)' o en 'C:\Users\Versus\Desktop\Motor\git\SoulEngine\Demo\binaries\bin\x64\Debug\SDL2-static.pdb'; se vinculará el objeto sin tener en cuenta información de depuración
SoulEngine.lib(SDL_sysloadso.c.obj) : warning LNK4099: no se encontró PDB 'SDL2-static.pdb' con 'SoulEngine.lib(SDL_sysloadso.c.obj)' o en 'C:\Users\Versus\Desktop\Motor\git\SoulEngine\Demo\binaries\bin\x64\Debug\SDL2-static.pdb'; se vinculará el objeto sin tener en cuenta información de depuración
SoulEngine.lib(SDL_systimer.c.obj) : warning LNK4099: no se encontró PDB 'SDL2-static.pdb' con 'SoulEngine.lib(SDL_systimer.c.obj)' o en 'C:\Users\Versus\Desktop\Motor\git\SoulEngine\Demo\binaries\bin\x64\Debug\SDL2-static.pdb'; se vinculará el objeto sin tener en cuenta información de depuración
SoulEngine.lib(SDL_sysfilesystem.c.obj) : warning LNK4099: no se encontró PDB 'SDL2-static.pdb' con 'SoulEngine.lib(SDL_sysfilesystem.c.obj)' o en 'C:\Users\Versus\Desktop\Motor\git\SoulEngine\Demo\binaries\bin\x64\Debug\SDL2-static.pdb'; se vinculará el objeto sin tener en cuenta información de depuración
SoulEngine.lib(SDL_syspower.c.obj) : warning LNK4099: no se encontró PDB 'SDL2-static.pdb' con 'SoulEngine.lib(SDL_syspower.c.obj)' o en 'C:\Users\Versus\Desktop\Motor\git\SoulEngine\Demo\binaries\bin\x64\Debug\SDL2-static.pdb'; se vinculará el objeto sin tener en cuenta información de depuración
SoulEngine.lib(SDL_syscond.c.obj) : warning LNK4099: no se encontró PDB 'SDL2-static.pdb' con 'SoulEngine.lib(SDL_syscond.c.obj)' o en 'C:\Users\Versus\Desktop\Motor\git\SoulEngine\Demo\binaries\bin\x64\Debug\SDL2-static.pdb'; se vinculará el objeto sin tener en cuenta información de depuración
SoulEngine.lib(SDL_systls.c.obj) : warning LNK4099: no se encontró PDB 'SDL2-static.pdb' con 'SoulEngine.lib(SDL_systls.c.obj)' o en 'C:\Users\Versus\Desktop\Motor\git\SoulEngine\Demo\binaries\bin\x64\Debug\SDL2-static.pdb'; se vinculará el objeto sin tener en cuenta información de depuración
SoulEngine.lib(SDL_systhread.c.obj) : warning LNK4099: no se encontró PDB 'SDL2-static.pdb' con 'SoulEngine.lib(SDL_systhread.c.obj)' o en 'C:\Users\Versus\Desktop\Motor\git\SoulEngine\Demo\binaries\bin\x64\Debug\SDL2-static.pdb'; se vinculará el objeto sin tener en cuenta información de depuración
SoulEngine.lib(SDL_syssem.c.obj) : warning LNK4099: no se encontró PDB 'SDL2-static.pdb' con 'SoulEngine.lib(SDL_syssem.c.obj)' o en 'C:\Users\Versus\Desktop\Motor\git\SoulEngine\Demo\binaries\bin\x64\Debug\SDL2-static.pdb'; se vinculará el objeto sin tener en cuenta información de depuración
SoulEngine.lib(SDL_sysmutex.c.obj) : warning LNK4099: no se encontró PDB 'SDL2-static.pdb' con 'SoulEngine.lib(SDL_sysmutex.c.obj)' o en 'C:\Users\Versus\Desktop\Motor\git\SoulEngine\Demo\binaries\bin\x64\Debug\SDL2-static.pdb'; se vinculará el objeto sin tener en cuenta información de depuración
SoulEngine.lib(SDL_windowswindow.c.obj) : warning LNK4099: no se encontró PDB 'SDL2-static.pdb' con 'SoulEngine.lib(SDL_windowswindow.c.obj)' o en 'C:\Users\Versus\Desktop\Motor\git\SoulEngine\Demo\binaries\bin\x64\Debug\SDL2-static.pdb'; se vinculará el objeto sin tener en cuenta información de depuración
SoulEngine.lib(SDL_windowsvulkan.c.obj) : warning LNK4099: no se encontró PDB 'SDL2-static.pdb' con 'SoulEngine.lib(SDL_windowsvulkan.c.obj)' o en 'C:\Users\Versus\Desktop\Motor\git\SoulEngine\Demo\binaries\bin\x64\Debug\SDL2-static.pdb'; se vinculará el objeto sin tener en cuenta información de depuración
SoulEngine.lib(SDL_windowsvideo.c.obj) : warning LNK4099: no se encontró PDB 'SDL2-static.pdb' con 'SoulEngine.lib(SDL_windowsvideo.c.obj)' o en 'C:\Users\Versus\Desktop\Motor\git\SoulEngine\Demo\binaries\bin\x64\Debug\SDL2-static.pdb'; se vinculará el objeto sin tener en cuenta información de depuración
SoulEngine.lib(SDL_windowsshape.c.obj) : warning LNK4099: no se encontró PDB 'SDL2-static.pdb' con 'SoulEngine.lib(SDL_windowsshape.c.obj)' o en 'C:\Users\Versus\Desktop\Motor\git\SoulEngine\Demo\binaries\bin\x64\Debug\SDL2-static.pdb'; se vinculará el objeto sin tener en cuenta información de depuración
SoulEngine.lib(SDL_windowsopengles.c.obj) : warning LNK4099: no se encontró PDB 'SDL2-static.pdb' con 'SoulEngine.lib(SDL_windowsopengles.c.obj)' o en 'C:\Users\Versus\Desktop\Motor\git\SoulEngine\Demo\binaries\bin\x64\Debug\SDL2-static.pdb'; se vinculará el objeto sin tener en cuenta información de depuración
SoulEngine.lib(SDL_windowsopengl.c.obj) : warning LNK4099: no se encontró PDB 'SDL2-static.pdb' con 'SoulEngine.lib(SDL_windowsopengl.c.obj)' o en 'C:\Users\Versus\Desktop\Motor\git\SoulEngine\Demo\binaries\bin\x64\Debug\SDL2-static.pdb'; se vinculará el objeto sin tener en cuenta información de depuración
SoulEngine.lib(SDL_windowsmouse.c.obj) : warning LNK4099: no se encontró PDB 'SDL2-static.pdb' con 'SoulEngine.lib(SDL_windowsmouse.c.obj)' o en 'C:\Users\Versus\Desktop\Motor\git\SoulEngine\Demo\binaries\bin\x64\Debug\SDL2-static.pdb'; se vinculará el objeto sin tener en cuenta información de depuración
SoulEngine.lib(SDL_windowsmodes.c.obj) : warning LNK4099: no se encontró PDB 'SDL2-static.pdb' con 'SoulEngine.lib(SDL_windowsmodes.c.obj)' o en 'C:\Users\Versus\Desktop\Motor\git\SoulEngine\Demo\binaries\bin\x64\Debug\SDL2-static.pdb'; se vinculará el objeto sin tener en cuenta información de depuración
SoulEngine.lib(SDL_windowsmessagebox.c.obj) : warning LNK4099: no se encontró PDB 'SDL2-static.pdb' con 'SoulEngine.lib(SDL_windowsmessagebox.c.obj)' o en 'C:\Users\Versus\Desktop\Motor\git\SoulEngine\Demo\binaries\bin\x64\Debug\SDL2-static.pdb'; se vinculará el objeto sin tener en cuenta información de depuración
SoulEngine.lib(SDL_windowskeyboard.c.obj) : warning LNK4099: no se encontró PDB 'SDL2-static.pdb' con 'SoulEngine.lib(SDL_windowskeyboard.c.obj)' o en 'C:\Users\Versus\Desktop\Motor\git\SoulEngine\Demo\binaries\bin\x64\Debug\SDL2-static.pdb'; se vinculará el objeto sin tener en cuenta información de depuración
SoulEngine.lib(SDL_windowsframebuffer.c.obj) : warning LNK4099: no se encontró PDB 'SDL2-static.pdb' con 'SoulEngine.lib(SDL_windowsframebuffer.c.obj)' o en 'C:\Users\Versus\Desktop\Motor\git\SoulEngine\Demo\binaries\bin\x64\Debug\SDL2-static.pdb'; se vinculará el objeto sin tener en cuenta información de depuración
SoulEngine.lib(SDL_windowsevents.c.obj) : warning LNK4099: no se encontró PDB 'SDL2-static.pdb' con 'SoulEngine.lib(SDL_windowsevents.c.obj)' o en 'C:\Users\Versus\Desktop\Motor\git\SoulEngine\Demo\binaries\bin\x64\Debug\SDL2-static.pdb'; se vinculará el objeto sin tener en cuenta información de depuración
SoulEngine.lib(SDL_windowsclipboard.c.obj) : warning LNK4099: no se encontró PDB 'SDL2-static.pdb' con 'SoulEngine.lib(SDL_windowsclipboard.c.obj)' o en 'C:\Users\Versus\Desktop\Motor\git\SoulEngine\Demo\binaries\bin\x64\Debug\SDL2-static.pdb'; se vinculará el objeto sin tener en cuenta información de depuración
SoulEngine.lib(SDL_wasapi_win32.c.obj) : warning LNK4099: no se encontró PDB 'SDL2-static.pdb' con 'SoulEngine.lib(SDL_wasapi_win32.c.obj)' o en 'C:\Users\Versus\Desktop\Motor\git\SoulEngine\Demo\binaries\bin\x64\Debug\SDL2-static.pdb'; se vinculará el objeto sin tener en cuenta información de depuración
SoulEngine.lib(SDL_wasapi.c.obj) : warning LNK4099: no se encontró PDB 'SDL2-static.pdb' con 'SoulEngine.lib(SDL_wasapi.c.obj)' o en 'C:\Users\Versus\Desktop\Motor\git\SoulEngine\Demo\binaries\bin\x64\Debug\SDL2-static.pdb'; se vinculará el objeto sin tener en cuenta información de depuración
SoulEngine.lib(SDL_directsound.c.obj) : warning LNK4099: no se encontró PDB 'SDL2-static.pdb' con 'SoulEngine.lib(SDL_directsound.c.obj)' o en 'C:\Users\Versus\Desktop\Motor\git\SoulEngine\Demo\binaries\bin\x64\Debug\SDL2-static.pdb'; se vinculará el objeto sin tener en cuenta información de depuración
SoulEngine.lib(SDL_winmm.c.obj) : warning LNK4099: no se encontró PDB 'SDL2-static.pdb' con 'SoulEngine.lib(SDL_winmm.c.obj)' o en 'C:\Users\Versus\Desktop\Motor\git\SoulEngine\Demo\binaries\bin\x64\Debug\SDL2-static.pdb'; se vinculará el objeto sin tener en cuenta información de depuración
SoulEngine.lib(SDL_xinput.c.obj) : warning LNK4099: no se encontró PDB 'SDL2-static.pdb' con 'SoulEngine.lib(SDL_xinput.c.obj)' o en 'C:\Users\Versus\Desktop\Motor\git\SoulEngine\Demo\binaries\bin\x64\Debug\SDL2-static.pdb'; se vinculará el objeto sin tener en cuenta información de depuración
SoulEngine.lib(SDL_windows.c.obj) : warning LNK4099: no se encontró PDB 'SDL2-static.pdb' con 'SoulEngine.lib(SDL_windows.c.obj)' o en 'C:\Users\Versus\Desktop\Motor\git\SoulEngine\Demo\binaries\bin\x64\Debug\SDL2-static.pdb'; se vinculará el objeto sin tener en cuenta información de depuración
SoulEngine.lib(SDL_nullvideo.c.obj) : warning LNK4099: no se encontró PDB 'SDL2-static.pdb' con 'SoulEngine.lib(SDL_nullvideo.c.obj)' o en 'C:\Users\Versus\Desktop\Motor\git\SoulEngine\Demo\binaries\bin\x64\Debug\SDL2-static.pdb'; se vinculará el objeto sin tener en cuenta información de depuración
SoulEngine.lib(SDL_nullframebuffer.c.obj) : warning LNK4099: no se encontró PDB 'SDL2-static.pdb' con 'SoulEngine.lib(SDL_nullframebuffer.c.obj)' o en 'C:\Users\Versus\Desktop\Motor\git\SoulEngine\Demo\binaries\bin\x64\Debug\SDL2-static.pdb'; se vinculará el objeto sin tener en cuenta información de depuración
SoulEngine.lib(SDL_nullevents.c.obj) : warning LNK4099: no se encontró PDB 'SDL2-static.pdb' con 'SoulEngine.lib(SDL_nullevents.c.obj)' o en 'C:\Users\Versus\Desktop\Motor\git\SoulEngine\Demo\binaries\bin\x64\Debug\SDL2-static.pdb'; se vinculará el objeto sin tener en cuenta información de depuración
SoulEngine.lib(SDL_diskaudio.c.obj) : warning LNK4099: no se encontró PDB 'SDL2-static.pdb' con 'SoulEngine.lib(SDL_diskaudio.c.obj)' o en 'C:\Users\Versus\Desktop\Motor\git\SoulEngine\Demo\binaries\bin\x64\Debug\SDL2-static.pdb'; se vinculará el objeto sin tener en cuenta información de depuración
SoulEngine.lib(SDL_dummyaudio.c.obj) : warning LNK4099: no se encontró PDB 'SDL2-static.pdb' con 'SoulEngine.lib(SDL_dummyaudio.c.obj)' o en 'C:\Users\Versus\Desktop\Motor\git\SoulEngine\Demo\binaries\bin\x64\Debug\SDL2-static.pdb'; se vinculará el objeto sin tener en cuenta información de depuración
SoulEngine.lib(SDL_power.c.obj) : warning LNK4099: no se encontró PDB 'SDL2-static.pdb' con 'SoulEngine.lib(SDL_power.c.obj)' o en 'C:\Users\Versus\Desktop\Motor\git\SoulEngine\Demo\binaries\bin\x64\Debug\SDL2-static.pdb'; se vinculará el objeto sin tener en cuenta información de depuración
SoulEngine.lib(SDL_sensor.c.obj) : warning LNK4099: no se encontró PDB 'SDL2-static.pdb' con 'SoulEngine.lib(SDL_sensor.c.obj)' o en 'C:\Users\Versus\Desktop\Motor\git\SoulEngine\Demo\binaries\bin\x64\Debug\SDL2-static.pdb'; se vinculará el objeto sin tener en cuenta información de depuración
SoulEngine.lib(SDL_haptic.c.obj) : warning LNK4099: no se encontró PDB 'SDL2-static.pdb' con 'SoulEngine.lib(SDL_haptic.c.obj)' o en 'C:\Users\Versus\Desktop\Motor\git\SoulEngine\Demo\binaries\bin\x64\Debug\SDL2-static.pdb'; se vinculará el objeto sin tener en cuenta información de depuración
SoulEngine.lib(SDL_joystick.c.obj) : warning LNK4099: no se encontró PDB 'SDL2-static.pdb' con 'SoulEngine.lib(SDL_joystick.c.obj)' o en 'C:\Users\Versus\Desktop\Motor\git\SoulEngine\Demo\binaries\bin\x64\Debug\SDL2-static.pdb'; se vinculará el objeto sin tener en cuenta información de depuración
SoulEngine.lib(SDL_gamecontroller.c.obj) : warning LNK4099: no se encontró PDB 'SDL2-static.pdb' con 'SoulEngine.lib(SDL_gamecontroller.c.obj)' o en 'C:\Users\Versus\Desktop\Motor\git\SoulEngine\Demo\binaries\bin\x64\Debug\SDL2-static.pdb'; se vinculará el objeto sin tener en cuenta información de depuración
SoulEngine.lib(yuv_rgb.c.obj) : warning LNK4099: no se encontró PDB 'SDL2-static.pdb' con 'SoulEngine.lib(yuv_rgb.c.obj)' o en 'C:\Users\Versus\Desktop\Motor\git\SoulEngine\Demo\binaries\bin\x64\Debug\SDL2-static.pdb'; se vinculará el objeto sin tener en cuenta información de depuración
SoulEngine.lib(SDL_yuv.c.obj) : warning LNK4099: no se encontró PDB 'SDL2-static.pdb' con 'SoulEngine.lib(SDL_yuv.c.obj)' o en 'C:\Users\Versus\Desktop\Motor\git\SoulEngine\Demo\binaries\bin\x64\Debug\SDL2-static.pdb'; se vinculará el objeto sin tener en cuenta información de depuración
SoulEngine.lib(SDL_vulkan_utils.c.obj) : warning LNK4099: no se encontró PDB 'SDL2-static.pdb' con 'SoulEngine.lib(SDL_vulkan_utils.c.obj)' o en 'C:\Users\Versus\Desktop\Motor\git\SoulEngine\Demo\binaries\bin\x64\Debug\SDL2-static.pdb'; se vinculará el objeto sin tener en cuenta información de depuración
SoulEngine.lib(SDL_video.c.obj) : warning LNK4099: no se encontró PDB 'SDL2-static.pdb' con 'SoulEngine.lib(SDL_video.c.obj)' o en 'C:\Users\Versus\Desktop\Motor\git\SoulEngine\Demo\binaries\bin\x64\Debug\SDL2-static.pdb'; se vinculará el objeto sin tener en cuenta información de depuración
SoulEngine.lib(SDL_surface.c.obj) : warning LNK4099: no se encontró PDB 'SDL2-static.pdb' con 'SoulEngine.lib(SDL_surface.c.obj)' o en 'C:\Users\Versus\Desktop\Motor\git\SoulEngine\Demo\binaries\bin\x64\Debug\SDL2-static.pdb'; se vinculará el objeto sin tener en cuenta información de depuración
SoulEngine.lib(SDL_stretch.c.obj) : warning LNK4099: no se encontró PDB 'SDL2-static.pdb' con 'SoulEngine.lib(SDL_stretch.c.obj)' o en 'C:\Users\Versus\Desktop\Motor\git\SoulEngine\Demo\binaries\bin\x64\Debug\SDL2-static.pdb'; se vinculará el objeto sin tener en cuenta información de depuración
SoulEngine.lib(SDL_shape.c.obj) : warning LNK4099: no se encontró PDB 'SDL2-static.pdb' con 'SoulEngine.lib(SDL_shape.c.obj)' o en 'C:\Users\Versus\Desktop\Motor\git\SoulEngine\Demo\binaries\bin\x64\Debug\SDL2-static.pdb'; se vinculará el objeto sin tener en cuenta información de depuración
SoulEngine.lib(SDL_rect.c.obj) : warning LNK4099: no se encontró PDB 'SDL2-static.pdb' con 'SoulEngine.lib(SDL_rect.c.obj)' o en 'C:\Users\Versus\Desktop\Motor\git\SoulEngine\Demo\binaries\bin\x64\Debug\SDL2-static.pdb'; se vinculará el objeto sin tener en cuenta información de depuración
SoulEngine.lib(SDL_pixels.c.obj) : warning LNK4099: no se encontró PDB 'SDL2-static.pdb' con 'SoulEngine.lib(SDL_pixels.c.obj)' o en 'C:\Users\Versus\Desktop\Motor\git\SoulEngine\Demo\binaries\bin\x64\Debug\SDL2-static.pdb'; se vinculará el objeto sin tener en cuenta información de depuración
SoulEngine.lib(SDL_fillrect.c.obj) : warning LNK4099: no se encontró PDB 'SDL2-static.pdb' con 'SoulEngine.lib(SDL_fillrect.c.obj)' o en 'C:\Users\Versus\Desktop\Motor\git\SoulEngine\Demo\binaries\bin\x64\Debug\SDL2-static.pdb'; se vinculará el objeto sin tener en cuenta información de depuración
SoulEngine.lib(SDL_egl.c.obj) : warning LNK4099: no se encontró PDB 'SDL2-static.pdb' con 'SoulEngine.lib(SDL_egl.c.obj)' o en 'C:\Users\Versus\Desktop\Motor\git\SoulEngine\Demo\binaries\bin\x64\Debug\SDL2-static.pdb'; se vinculará el objeto sin tener en cuenta información de depuración
SoulEngine.lib(SDL_clipboard.c.obj) : warning LNK4099: no se encontró PDB 'SDL2-static.pdb' con 'SoulEngine.lib(SDL_clipboard.c.obj)' o en 'C:\Users\Versus\Desktop\Motor\git\SoulEngine\Demo\binaries\bin\x64\Debug\SDL2-static.pdb'; se vinculará el objeto sin tener en cuenta información de depuración
SoulEngine.lib(SDL_bmp.c.obj) : warning LNK4099: no se encontró PDB 'SDL2-static.pdb' con 'SoulEngine.lib(SDL_bmp.c.obj)' o en 'C:\Users\Versus\Desktop\Motor\git\SoulEngine\Demo\binaries\bin\x64\Debug\SDL2-static.pdb'; se vinculará el objeto sin tener en cuenta información de depuración
SoulEngine.lib(SDL_blit_slow.c.obj) : warning LNK4099: no se encontró PDB 'SDL2-static.pdb' con 'SoulEngine.lib(SDL_blit_slow.c.obj)' o en 'C:\Users\Versus\Desktop\Motor\git\SoulEngine\Demo\binaries\bin\x64\Debug\SDL2-static.pdb'; se vinculará el objeto sin tener en cuenta información de depuración
SoulEngine.lib(SDL_blit_copy.c.obj) : warning LNK4099: no se encontró PDB 'SDL2-static.pdb' con 'SoulEngine.lib(SDL_blit_copy.c.obj)' o en 'C:\Users\Versus\Desktop\Motor\git\SoulEngine\Demo\binaries\bin\x64\Debug\SDL2-static.pdb'; se vinculará el objeto sin tener en cuenta información de depuración
SoulEngine.lib(SDL_blit_auto.c.obj) : warning LNK4099: no se encontró PDB 'SDL2-static.pdb' con 'SoulEngine.lib(SDL_blit_auto.c.obj)' o en 'C:\Users\Versus\Desktop\Motor\git\SoulEngine\Demo\binaries\bin\x64\Debug\SDL2-static.pdb'; se vinculará el objeto sin tener en cuenta información de depuración
SoulEngine.lib(SDL_blit_N.c.obj) : warning LNK4099: no se encontró PDB 'SDL2-static.pdb' con 'SoulEngine.lib(SDL_blit_N.c.obj)' o en 'C:\Users\Versus\Desktop\Motor\git\SoulEngine\Demo\binaries\bin\x64\Debug\SDL2-static.pdb'; se vinculará el objeto sin tener en cuenta información de depuración
SoulEngine.lib(SDL_blit_A.c.obj) : warning LNK4099: no se encontró PDB 'SDL2-static.pdb' con 'SoulEngine.lib(SDL_blit_A.c.obj)' o en 'C:\Users\Versus\Desktop\Motor\git\SoulEngine\Demo\binaries\bin\x64\Debug\SDL2-static.pdb'; se vinculará el objeto sin tener en cuenta información de depuración
SoulEngine.lib(SDL_blit_1.c.obj) : warning LNK4099: no se encontró PDB 'SDL2-static.pdb' con 'SoulEngine.lib(SDL_blit_1.c.obj)' o en 'C:\Users\Versus\Desktop\Motor\git\SoulEngine\Demo\binaries\bin\x64\Debug\SDL2-static.pdb'; se vinculará el objeto sin tener en cuenta información de depuración
SoulEngine.lib(SDL_blit_0.c.obj) : warning LNK4099: no se encontró PDB 'SDL2-static.pdb' con 'SoulEngine.lib(SDL_blit_0.c.obj)' o en 'C:\Users\Versus\Desktop\Motor\git\SoulEngine\Demo\binaries\bin\x64\Debug\SDL2-static.pdb'; se vinculará el objeto sin tener en cuenta información de depuración
SoulEngine.lib(SDL_blit.c.obj) : warning LNK4099: no se encontró PDB 'SDL2-static.pdb' con 'SoulEngine.lib(SDL_blit.c.obj)' o en 'C:\Users\Versus\Desktop\Motor\git\SoulEngine\Demo\binaries\bin\x64\Debug\SDL2-static.pdb'; se vinculará el objeto sin tener en cuenta información de depuración
SoulEngine.lib(SDL_RLEaccel.c.obj) : warning LNK4099: no se encontró PDB 'SDL2-static.pdb' con 'SoulEngine.lib(SDL_RLEaccel.c.obj)' o en 'C:\Users\Versus\Desktop\Motor\git\SoulEngine\Demo\binaries\bin\x64\Debug\SDL2-static.pdb'; se vinculará el objeto sin tener en cuenta información de depuración
SoulEngine.lib(SDL_timer.c.obj) : warning LNK4099: no se encontró PDB 'SDL2-static.pdb' con 'SoulEngine.lib(SDL_timer.c.obj)' o en 'C:\Users\Versus\Desktop\Motor\git\SoulEngine\Demo\binaries\bin\x64\Debug\SDL2-static.pdb'; se vinculará el objeto sin tener en cuenta información de depuración
SoulEngine.lib(SDL_thread.c.obj) : warning LNK4099: no se encontró PDB 'SDL2-static.pdb' con 'SoulEngine.lib(SDL_thread.c.obj)' o en 'C:\Users\Versus\Desktop\Motor\git\SoulEngine\Demo\binaries\bin\x64\Debug\SDL2-static.pdb'; se vinculará el objeto sin tener en cuenta información de depuración
SoulEngine.lib(SDL_string.c.obj) : warning LNK4099: no se encontró PDB 'SDL2-static.pdb' con 'SoulEngine.lib(SDL_string.c.obj)' o en 'C:\Users\Versus\Desktop\Motor\git\SoulEngine\Demo\binaries\bin\x64\Debug\SDL2-static.pdb'; se vinculará el objeto sin tener en cuenta información de depuración
SoulEngine.lib(SDL_stdlib.c.obj) : warning LNK4099: no se encontró PDB 'SDL2-static.pdb' con 'SoulEngine.lib(SDL_stdlib.c.obj)' o en 'C:\Users\Versus\Desktop\Motor\git\SoulEngine\Demo\binaries\bin\x64\Debug\SDL2-static.pdb'; se vinculará el objeto sin tener en cuenta información de depuración
SoulEngine.lib(SDL_qsort.c.obj) : warning LNK4099: no se encontró PDB 'SDL2-static.pdb' con 'SoulEngine.lib(SDL_qsort.c.obj)' o en 'C:\Users\Versus\Desktop\Motor\git\SoulEngine\Demo\binaries\bin\x64\Debug\SDL2-static.pdb'; se vinculará el objeto sin tener en cuenta información de depuración
SoulEngine.lib(SDL_malloc.c.obj) : warning LNK4099: no se encontró PDB 'SDL2-static.pdb' con 'SoulEngine.lib(SDL_malloc.c.obj)' o en 'C:\Users\Versus\Desktop\Motor\git\SoulEngine\Demo\binaries\bin\x64\Debug\SDL2-static.pdb'; se vinculará el objeto sin tener en cuenta información de depuración
SoulEngine.lib(SDL_iconv.c.obj) : warning LNK4099: no se encontró PDB 'SDL2-static.pdb' con 'SoulEngine.lib(SDL_iconv.c.obj)' o en 'C:\Users\Versus\Desktop\Motor\git\SoulEngine\Demo\binaries\bin\x64\Debug\SDL2-static.pdb'; se vinculará el objeto sin tener en cuenta información de depuración
SoulEngine.lib(SDL_getenv.c.obj) : warning LNK4099: no se encontró PDB 'SDL2-static.pdb' con 'SoulEngine.lib(SDL_getenv.c.obj)' o en 'C:\Users\Versus\Desktop\Motor\git\SoulEngine\Demo\binaries\bin\x64\Debug\SDL2-static.pdb'; se vinculará el objeto sin tener en cuenta información de depuración
SoulEngine.lib(SDL_rotate.c.obj) : warning LNK4099: no se encontró PDB 'SDL2-static.pdb' con 'SoulEngine.lib(SDL_rotate.c.obj)' o en 'C:\Users\Versus\Desktop\Motor\git\SoulEngine\Demo\binaries\bin\x64\Debug\SDL2-static.pdb'; se vinculará el objeto sin tener en cuenta información de depuración
SoulEngine.lib(SDL_render_sw.c.obj) : warning LNK4099: no se encontró PDB 'SDL2-static.pdb' con 'SoulEngine.lib(SDL_render_sw.c.obj)' o en 'C:\Users\Versus\Desktop\Motor\git\SoulEngine\Demo\binaries\bin\x64\Debug\SDL2-static.pdb'; se vinculará el objeto sin tener en cuenta información de depuración
SoulEngine.lib(SDL_drawpoint.c.obj) : warning LNK4099: no se encontró PDB 'SDL2-static.pdb' con 'SoulEngine.lib(SDL_drawpoint.c.obj)' o en 'C:\Users\Versus\Desktop\Motor\git\SoulEngine\Demo\binaries\bin\x64\Debug\SDL2-static.pdb'; se vinculará el objeto sin tener en cuenta información de depuración
SoulEngine.lib(SDL_drawline.c.obj) : warning LNK4099: no se encontró PDB 'SDL2-static.pdb' con 'SoulEngine.lib(SDL_drawline.c.obj)' o en 'C:\Users\Versus\Desktop\Motor\git\SoulEngine\Demo\binaries\bin\x64\Debug\SDL2-static.pdb'; se vinculará el objeto sin tener en cuenta información de depuración
SoulEngine.lib(SDL_blendpoint.c.obj) : warning LNK4099: no se encontró PDB 'SDL2-static.pdb' con 'SoulEngine.lib(SDL_blendpoint.c.obj)' o en 'C:\Users\Versus\Desktop\Motor\git\SoulEngine\Demo\binaries\bin\x64\Debug\SDL2-static.pdb'; se vinculará el objeto sin tener en cuenta información de depuración
SoulEngine.lib(SDL_blendline.c.obj) : warning LNK4099: no se encontró PDB 'SDL2-static.pdb' con 'SoulEngine.lib(SDL_blendline.c.obj)' o en 'C:\Users\Versus\Desktop\Motor\git\SoulEngine\Demo\binaries\bin\x64\Debug\SDL2-static.pdb'; se vinculará el objeto sin tener en cuenta información de depuración
SoulEngine.lib(SDL_blendfillrect.c.obj) : warning LNK4099: no se encontró PDB 'SDL2-static.pdb' con 'SoulEngine.lib(SDL_blendfillrect.c.obj)' o en 'C:\Users\Versus\Desktop\Motor\git\SoulEngine\Demo\binaries\bin\x64\Debug\SDL2-static.pdb'; se vinculará el objeto sin tener en cuenta información de depuración
SoulEngine.lib(SDL_shaders_gles2.c.obj) : warning LNK4099: no se encontró PDB 'SDL2-static.pdb' con 'SoulEngine.lib(SDL_shaders_gles2.c.obj)' o en 'C:\Users\Versus\Desktop\Motor\git\SoulEngine\Demo\binaries\bin\x64\Debug\SDL2-static.pdb'; se vinculará el objeto sin tener en cuenta información de depuración
SoulEngine.lib(SDL_render_gles2.c.obj) : warning LNK4099: no se encontró PDB 'SDL2-static.pdb' con 'SoulEngine.lib(SDL_render_gles2.c.obj)' o en 'C:\Users\Versus\Desktop\Motor\git\SoulEngine\Demo\binaries\bin\x64\Debug\SDL2-static.pdb'; se vinculará el objeto sin tener en cuenta información de depuración
SoulEngine.lib(SDL_shaders_gl.c.obj) : warning LNK4099: no se encontró PDB 'SDL2-static.pdb' con 'SoulEngine.lib(SDL_shaders_gl.c.obj)' o en 'C:\Users\Versus\Desktop\Motor\git\SoulEngine\Demo\binaries\bin\x64\Debug\SDL2-static.pdb'; se vinculará el objeto sin tener en cuenta información de depuración
SoulEngine.lib(SDL_render_gl.c.obj) : warning LNK4099: no se encontró PDB 'SDL2-static.pdb' con 'SoulEngine.lib(SDL_render_gl.c.obj)' o en 'C:\Users\Versus\Desktop\Motor\git\SoulEngine\Demo\binaries\bin\x64\Debug\SDL2-static.pdb'; se vinculará el objeto sin tener en cuenta información de depuración
SoulEngine.lib(SDL_shaders_d3d11.c.obj) : warning LNK4099: no se encontró PDB 'SDL2-static.pdb' con 'SoulEngine.lib(SDL_shaders_d3d11.c.obj)' o en 'C:\Users\Versus\Desktop\Motor\git\SoulEngine\Demo\binaries\bin\x64\Debug\SDL2-static.pdb'; se vinculará el objeto sin tener en cuenta información de depuración
SoulEngine.lib(SDL_render_d3d11.c.obj) : warning LNK4099: no se encontró PDB 'SDL2-static.pdb' con 'SoulEngine.lib(SDL_render_d3d11.c.obj)' o en 'C:\Users\Versus\Desktop\Motor\git\SoulEngine\Demo\binaries\bin\x64\Debug\SDL2-static.pdb'; se vinculará el objeto sin tener en cuenta información de depuración
SoulEngine.lib(SDL_shaders_d3d.c.obj) : warning LNK4099: no se encontró PDB 'SDL2-static.pdb' con 'SoulEngine.lib(SDL_shaders_d3d.c.obj)' o en 'C:\Users\Versus\Desktop\Motor\git\SoulEngine\Demo\binaries\bin\x64\Debug\SDL2-static.pdb'; se vinculará el objeto sin tener en cuenta información de depuración
SoulEngine.lib(SDL_render_d3d.c.obj) : warning LNK4099: no se encontró PDB 'SDL2-static.pdb' con 'SoulEngine.lib(SDL_render_d3d.c.obj)' o en 'C:\Users\Versus\Desktop\Motor\git\SoulEngine\Demo\binaries\bin\x64\Debug\SDL2-static.pdb'; se vinculará el objeto sin tener en cuenta información de depuración
SoulEngine.lib(SDL_yuv_sw.c.obj) : warning LNK4099: no se encontró PDB 'SDL2-static.pdb' con 'SoulEngine.lib(SDL_yuv_sw.c.obj)' o en 'C:\Users\Versus\Desktop\Motor\git\SoulEngine\Demo\binaries\bin\x64\Debug\SDL2-static.pdb'; se vinculará el objeto sin tener en cuenta información de depuración
SoulEngine.lib(SDL_render.c.obj) : warning LNK4099: no se encontró PDB 'SDL2-static.pdb' con 'SoulEngine.lib(SDL_render.c.obj)' o en 'C:\Users\Versus\Desktop\Motor\git\SoulEngine\Demo\binaries\bin\x64\Debug\SDL2-static.pdb'; se vinculará el objeto sin tener en cuenta información de depuración
SoulEngine.lib(SDL_d3dmath.c.obj) : warning LNK4099: no se encontró PDB 'SDL2-static.pdb' con 'SoulEngine.lib(SDL_d3dmath.c.obj)' o en 'C:\Users\Versus\Desktop\Motor\git\SoulEngine\Demo\binaries\bin\x64\Debug\SDL2-static.pdb'; se vinculará el objeto sin tener en cuenta información de depuración
SoulEngine.lib(s_tan.c.obj) : warning LNK4099: no se encontró PDB 'SDL2-static.pdb' con 'SoulEngine.lib(s_tan.c.obj)' o en 'C:\Users\Versus\Desktop\Motor\git\SoulEngine\Demo\binaries\bin\x64\Debug\SDL2-static.pdb'; se vinculará el objeto sin tener en cuenta información de depuración
SoulEngine.lib(s_sin.c.obj) : warning LNK4099: no se encontró PDB 'SDL2-static.pdb' con 'SoulEngine.lib(s_sin.c.obj)' o en 'C:\Users\Versus\Desktop\Motor\git\SoulEngine\Demo\binaries\bin\x64\Debug\SDL2-static.pdb'; se vinculará el objeto sin tener en cuenta información de depuración
SoulEngine.lib(s_scalbn.c.obj) : warning LNK4099: no se encontró PDB 'SDL2-static.pdb' con 'SoulEngine.lib(s_scalbn.c.obj)' o en 'C:\Users\Versus\Desktop\Motor\git\SoulEngine\Demo\binaries\bin\x64\Debug\SDL2-static.pdb'; se vinculará el objeto sin tener en cuenta información de depuración
SoulEngine.lib(s_floor.c.obj) : warning LNK4099: no se encontró PDB 'SDL2-static.pdb' con 'SoulEngine.lib(s_floor.c.obj)' o en 'C:\Users\Versus\Desktop\Motor\git\SoulEngine\Demo\binaries\bin\x64\Debug\SDL2-static.pdb'; se vinculará el objeto sin tener en cuenta información de depuración
SoulEngine.lib(s_fabs.c.obj) : warning LNK4099: no se encontró PDB 'SDL2-static.pdb' con 'SoulEngine.lib(s_fabs.c.obj)' o en 'C:\Users\Versus\Desktop\Motor\git\SoulEngine\Demo\binaries\bin\x64\Debug\SDL2-static.pdb'; se vinculará el objeto sin tener en cuenta información de depuración
SoulEngine.lib(s_cos.c.obj) : warning LNK4099: no se encontró PDB 'SDL2-static.pdb' con 'SoulEngine.lib(s_cos.c.obj)' o en 'C:\Users\Versus\Desktop\Motor\git\SoulEngine\Demo\binaries\bin\x64\Debug\SDL2-static.pdb'; se vinculará el objeto sin tener en cuenta información de depuración
SoulEngine.lib(s_copysign.c.obj) : warning LNK4099: no se encontró PDB 'SDL2-static.pdb' con 'SoulEngine.lib(s_copysign.c.obj)' o en 'C:\Users\Versus\Desktop\Motor\git\SoulEngine\Demo\binaries\bin\x64\Debug\SDL2-static.pdb'; se vinculará el objeto sin tener en cuenta información de depuración
SoulEngine.lib(s_atan.c.obj) : warning LNK4099: no se encontró PDB 'SDL2-static.pdb' con 'SoulEngine.lib(s_atan.c.obj)' o en 'C:\Users\Versus\Desktop\Motor\git\SoulEngine\Demo\binaries\bin\x64\Debug\SDL2-static.pdb'; se vinculará el objeto sin tener en cuenta información de depuración
SoulEngine.lib(k_tan.c.obj) : warning LNK4099: no se encontró PDB 'SDL2-static.pdb' con 'SoulEngine.lib(k_tan.c.obj)' o en 'C:\Users\Versus\Desktop\Motor\git\SoulEngine\Demo\binaries\bin\x64\Debug\SDL2-static.pdb'; se vinculará el objeto sin tener en cuenta información de depuración
SoulEngine.lib(k_sin.c.obj) : warning LNK4099: no se encontró PDB 'SDL2-static.pdb' con 'SoulEngine.lib(k_sin.c.obj)' o en 'C:\Users\Versus\Desktop\Motor\git\SoulEngine\Demo\binaries\bin\x64\Debug\SDL2-static.pdb'; se vinculará el objeto sin tener en cuenta información de depuración
SoulEngine.lib(k_rem_pio2.c.obj) : warning LNK4099: no se encontró PDB 'SDL2-static.pdb' con 'SoulEngine.lib(k_rem_pio2.c.obj)' o en 'C:\Users\Versus\Desktop\Motor\git\SoulEngine\Demo\binaries\bin\x64\Debug\SDL2-static.pdb'; se vinculará el objeto sin tener en cuenta información de depuración
SoulEngine.lib(k_cos.c.obj) : warning LNK4099: no se encontró PDB 'SDL2-static.pdb' con 'SoulEngine.lib(k_cos.c.obj)' o en 'C:\Users\Versus\Desktop\Motor\git\SoulEngine\Demo\binaries\bin\x64\Debug\SDL2-static.pdb'; se vinculará el objeto sin tener en cuenta información de depuración
SoulEngine.lib(e_sqrt.c.obj) : warning LNK4099: no se encontró PDB 'SDL2-static.pdb' con 'SoulEngine.lib(e_sqrt.c.obj)' o en 'C:\Users\Versus\Desktop\Motor\git\SoulEngine\Demo\binaries\bin\x64\Debug\SDL2-static.pdb'; se vinculará el objeto sin tener en cuenta información de depuración
SoulEngine.lib(e_rem_pio2.c.obj) : warning LNK4099: no se encontró PDB 'SDL2-static.pdb' con 'SoulEngine.lib(e_rem_pio2.c.obj)' o en 'C:\Users\Versus\Desktop\Motor\git\SoulEngine\Demo\binaries\bin\x64\Debug\SDL2-static.pdb'; se vinculará el objeto sin tener en cuenta información de depuración
SoulEngine.lib(e_pow.c.obj) : warning LNK4099: no se encontró PDB 'SDL2-static.pdb' con 'SoulEngine.lib(e_pow.c.obj)' o en 'C:\Users\Versus\Desktop\Motor\git\SoulEngine\Demo\binaries\bin\x64\Debug\SDL2-static.pdb'; se vinculará el objeto sin tener en cuenta información de depuración
SoulEngine.lib(e_log10.c.obj) : warning LNK4099: no se encontró PDB 'SDL2-static.pdb' con 'SoulEngine.lib(e_log10.c.obj)' o en 'C:\Users\Versus\Desktop\Motor\git\SoulEngine\Demo\binaries\bin\x64\Debug\SDL2-static.pdb'; se vinculará el objeto sin tener en cuenta información de depuración
SoulEngine.lib(e_log.c.obj) : warning LNK4099: no se encontró PDB 'SDL2-static.pdb' con 'SoulEngine.lib(e_log.c.obj)' o en 'C:\Users\Versus\Desktop\Motor\git\SoulEngine\Demo\binaries\bin\x64\Debug\SDL2-static.pdb'; se vinculará el objeto sin tener en cuenta información de depuración
SoulEngine.lib(e_fmod.c.obj) : warning LNK4099: no se encontró PDB 'SDL2-static.pdb' con 'SoulEngine.lib(e_fmod.c.obj)' o en 'C:\Users\Versus\Desktop\Motor\git\SoulEngine\Demo\binaries\bin\x64\Debug\SDL2-static.pdb'; se vinculará el objeto sin tener en cuenta información de depuración
SoulEngine.lib(e_exp.c.obj) : warning LNK4099: no se encontró PDB 'SDL2-static.pdb' con 'SoulEngine.lib(e_exp.c.obj)' o en 'C:\Users\Versus\Desktop\Motor\git\SoulEngine\Demo\binaries\bin\x64\Debug\SDL2-static.pdb'; se vinculará el objeto sin tener en cuenta información de depuración
SoulEngine.lib(e_atan2.c.obj) : warning LNK4099: no se encontró PDB 'SDL2-static.pdb' con 'SoulEngine.lib(e_atan2.c.obj)' o en 'C:\Users\Versus\Desktop\Motor\git\SoulEngine\Demo\binaries\bin\x64\Debug\SDL2-static.pdb'; se vinculará el objeto sin tener en cuenta información de depuración
SoulEngine.lib(SDL_rwops.c.obj) : warning LNK4099: no se encontró PDB 'SDL2-static.pdb' con 'SoulEngine.lib(SDL_rwops.c.obj)' o en 'C:\Users\Versus\Desktop\Motor\git\SoulEngine\Demo\binaries\bin\x64\Debug\SDL2-static.pdb'; se vinculará el objeto sin tener en cuenta información de depuración
SoulEngine.lib(SDL_windowevents.c.obj) : warning LNK4099: no se encontró PDB 'SDL2-static.pdb' con 'SoulEngine.lib(SDL_windowevents.c.obj)' o en 'C:\Users\Versus\Desktop\Motor\git\SoulEngine\Demo\binaries\bin\x64\Debug\SDL2-static.pdb'; se vinculará el objeto sin tener en cuenta información de depuración
SoulEngine.lib(SDL_touch.c.obj) : warning LNK4099: no se encontró PDB 'SDL2-static.pdb' con 'SoulEngine.lib(SDL_touch.c.obj)' o en 'C:\Users\Versus\Desktop\Motor\git\SoulEngine\Demo\binaries\bin\x64\Debug\SDL2-static.pdb'; se vinculará el objeto sin tener en cuenta información de depuración
SoulEngine.lib(SDL_quit.c.obj) : warning LNK4099: no se encontró PDB 'SDL2-static.pdb' con 'SoulEngine.lib(SDL_quit.c.obj)' o en 'C:\Users\Versus\Desktop\Motor\git\SoulEngine\Demo\binaries\bin\x64\Debug\SDL2-static.pdb'; se vinculará el objeto sin tener en cuenta información de depuración
SoulEngine.lib(SDL_mouse.c.obj) : warning LNK4099: no se encontró PDB 'SDL2-static.pdb' con 'SoulEngine.lib(SDL_mouse.c.obj)' o en 'C:\Users\Versus\Desktop\Motor\git\SoulEngine\Demo\binaries\bin\x64\Debug\SDL2-static.pdb'; se vinculará el objeto sin tener en cuenta información de depuración
SoulEngine.lib(SDL_keyboard.c.obj) : warning LNK4099: no se encontró PDB 'SDL2-static.pdb' con 'SoulEngine.lib(SDL_keyboard.c.obj)' o en 'C:\Users\Versus\Desktop\Motor\git\SoulEngine\Demo\binaries\bin\x64\Debug\SDL2-static.pdb'; se vinculará el objeto sin tener en cuenta información de depuración
SoulEngine.lib(SDL_gesture.c.obj) : warning LNK4099: no se encontró PDB 'SDL2-static.pdb' con 'SoulEngine.lib(SDL_gesture.c.obj)' o en 'C:\Users\Versus\Desktop\Motor\git\SoulEngine\Demo\binaries\bin\x64\Debug\SDL2-static.pdb'; se vinculará el objeto sin tener en cuenta información de depuración
SoulEngine.lib(SDL_events.c.obj) : warning LNK4099: no se encontró PDB 'SDL2-static.pdb' con 'SoulEngine.lib(SDL_events.c.obj)' o en 'C:\Users\Versus\Desktop\Motor\git\SoulEngine\Demo\binaries\bin\x64\Debug\SDL2-static.pdb'; se vinculará el objeto sin tener en cuenta información de depuración
SoulEngine.lib(SDL_dropevents.c.obj) : warning LNK4099: no se encontró PDB 'SDL2-static.pdb' con 'SoulEngine.lib(SDL_dropevents.c.obj)' o en 'C:\Users\Versus\Desktop\Motor\git\SoulEngine\Demo\binaries\bin\x64\Debug\SDL2-static.pdb'; se vinculará el objeto sin tener en cuenta información de depuración
SoulEngine.lib(SDL_clipboardevents.c.obj) : warning LNK4099: no se encontró PDB 'SDL2-static.pdb' con 'SoulEngine.lib(SDL_clipboardevents.c.obj)' o en 'C:\Users\Versus\Desktop\Motor\git\SoulEngine\Demo\binaries\bin\x64\Debug\SDL2-static.pdb'; se vinculará el objeto sin tener en cuenta información de depuración
SoulEngine.lib(SDL_dynapi.c.obj) : warning LNK4099: no se encontró PDB 'SDL2-static.pdb' con 'SoulEngine.lib(SDL_dynapi.c.obj)' o en 'C:\Users\Versus\Desktop\Motor\git\SoulEngine\Demo\binaries\bin\x64\Debug\SDL2-static.pdb'; se vinculará el objeto sin tener en cuenta información de depuración
SoulEngine.lib(SDL_cpuinfo.c.obj) : warning LNK4099: no se encontró PDB 'SDL2-static.pdb' con 'SoulEngine.lib(SDL_cpuinfo.c.obj)' o en 'C:\Users\Versus\Desktop\Motor\git\SoulEngine\Demo\binaries\bin\x64\Debug\SDL2-static.pdb'; se vinculará el objeto sin tener en cuenta información de depuración
SoulEngine.lib(SDL_wave.c.obj) : warning LNK4099: no se encontró PDB 'SDL2-static.pdb' con 'SoulEngine.lib(SDL_wave.c.obj)' o en 'C:\Users\Versus\Desktop\Motor\git\SoulEngine\Demo\binaries\bin\x64\Debug\SDL2-static.pdb'; se vinculará el objeto sin tener en cuenta información de depuración
SoulEngine.lib(SDL_mixer.c.obj) : warning LNK4099: no se encontró PDB 'SDL2-static.pdb' con 'SoulEngine.lib(SDL_mixer.c.obj)' o en 'C:\Users\Versus\Desktop\Motor\git\SoulEngine\Demo\binaries\bin\x64\Debug\SDL2-static.pdb'; se vinculará el objeto sin tener en cuenta información de depuración
SoulEngine.lib(SDL_audiotypecvt.c.obj) : warning LNK4099: no se encontró PDB 'SDL2-static.pdb' con 'SoulEngine.lib(SDL_audiotypecvt.c.obj)' o en 'C:\Users\Versus\Desktop\Motor\git\SoulEngine\Demo\binaries\bin\x64\Debug\SDL2-static.pdb'; se vinculará el objeto sin tener en cuenta información de depuración
SoulEngine.lib(SDL_audiocvt.c.obj) : warning LNK4099: no se encontró PDB 'SDL2-static.pdb' con 'SoulEngine.lib(SDL_audiocvt.c.obj)' o en 'C:\Users\Versus\Desktop\Motor\git\SoulEngine\Demo\binaries\bin\x64\Debug\SDL2-static.pdb'; se vinculará el objeto sin tener en cuenta información de depuración
SoulEngine.lib(SDL_audio.c.obj) : warning LNK4099: no se encontró PDB 'SDL2-static.pdb' con 'SoulEngine.lib(SDL_audio.c.obj)' o en 'C:\Users\Versus\Desktop\Motor\git\SoulEngine\Demo\binaries\bin\x64\Debug\SDL2-static.pdb'; se vinculará el objeto sin tener en cuenta información de depuración
SoulEngine.lib(SDL_spinlock.c.obj) : warning LNK4099: no se encontró PDB 'SDL2-static.pdb' con 'SoulEngine.lib(SDL_spinlock.c.obj)' o en 'C:\Users\Versus\Desktop\Motor\git\SoulEngine\Demo\binaries\bin\x64\Debug\SDL2-static.pdb'; se vinculará el objeto sin tener en cuenta información de depuración
SoulEngine.lib(SDL_atomic.c.obj) : warning LNK4099: no se encontró PDB 'SDL2-static.pdb' con 'SoulEngine.lib(SDL_atomic.c.obj)' o en 'C:\Users\Versus\Desktop\Motor\git\SoulEngine\Demo\binaries\bin\x64\Debug\SDL2-static.pdb'; se vinculará el objeto sin tener en cuenta información de depuración
SoulEngine.lib(SDL_log.c.obj) : warning LNK4099: no se encontró PDB 'SDL2-static.pdb' con 'SoulEngine.lib(SDL_log.c.obj)' o en 'C:\Users\Versus\Desktop\Motor\git\SoulEngine\Demo\binaries\bin\x64\Debug\SDL2-static.pdb'; se vinculará el objeto sin tener en cuenta información de depuración
SoulEngine.lib(SDL_hints.c.obj) : warning LNK4099: no se encontró PDB 'SDL2-static.pdb' con 'SoulEngine.lib(SDL_hints.c.obj)' o en 'C:\Users\Versus\Desktop\Motor\git\SoulEngine\Demo\binaries\bin\x64\Debug\SDL2-static.pdb'; se vinculará el objeto sin tener en cuenta información de depuración
SoulEngine.lib(SDL_error.c.obj) : warning LNK4099: no se encontró PDB 'SDL2-static.pdb' con 'SoulEngine.lib(SDL_error.c.obj)' o en 'C:\Users\Versus\Desktop\Motor\git\SoulEngine\Demo\binaries\bin\x64\Debug\SDL2-static.pdb'; se vinculará el objeto sin tener en cuenta información de depuración
SoulEngine.lib(SDL_dataqueue.c.obj) : warning LNK4099: no se encontró PDB 'SDL2-static.pdb' con 'SoulEngine.lib(SDL_dataqueue.c.obj)' o en 'C:\Users\Versus\Desktop\Motor\git\SoulEngine\Demo\binaries\bin\x64\Debug\SDL2-static.pdb'; se vinculará el objeto sin tener en cuenta información de depuración
SoulEngine.lib(SDL_assert.c.obj) : warning LNK4099: no se encontró PDB 'SDL2-static.pdb' con 'SoulEngine.lib(SDL_assert.c.obj)' o en 'C:\Users\Versus\Desktop\Motor\git\SoulEngine\Demo\binaries\bin\x64\Debug\SDL2-static.pdb'; se vinculará el objeto sin tener en cuenta información de depuración
SoulEngine.lib(SDL.c.obj) : warning LNK4099: no se encontró PDB 'SDL2-static.pdb' con 'SoulEngine.lib(SDL.c.obj)' o en 'C:\Users\Versus\Desktop\Motor\git\SoulEngine\Demo\binaries\bin\x64\Debug\SDL2-static.pdb'; se vinculará el objeto sin tener en cuenta información de depuración
  Demo.vcxproj -> C:\Users\Versus\Desktop\Motor\git\SoulEngine\Demo\projects\Demo\..\..\binaries\bin\x64\Debug\Demo.exe
